0 info it worked if it ends with ok
1 verbose cli [ 'C:\\Program Files\\nodejs\\\\node.exe',
1 verbose cli   'C:\\Program Files\\nodejs\\node_modules\\npm\\bin\\npm-cli.js',
1 verbose cli   'install' ]
2 info using npm@1.2.11
3 info using node@v0.8.20
4 verbose node symlink C:\Program Files\nodejs\\node.exe
5 verbose read json C:\Users\Brendan\Dropbox\education\University\Courses\nubots\NUbugger\package.json
6 warn package.json NUbugger@0.0.1 No README.md file found!
7 verbose readDependencies using package.json deps
8 verbose install where, deps [ 'C:\\Users\\Brendan\\Dropbox\\education\\University\\Courses\\nubots\\NUbugger',
8 verbose install   [ 'express', 'socket.io', 'jade' ] ]
9 verbose from cache C:\Users\Brendan\Dropbox\education\University\Courses\nubots\NUbugger\package.json
10 info preinstall NUbugger@0.0.1
11 verbose read json C:\Users\Brendan\Dropbox\education\University\Courses\nubots\NUbugger\node_modules\express\package.json
12 verbose read json C:\Users\Brendan\Dropbox\education\University\Courses\nubots\NUbugger\node_modules\jade\package.json
13 verbose read json C:\Users\Brendan\Dropbox\education\University\Courses\nubots\NUbugger\node_modules\socket.io\package.json
14 verbose read json C:\Users\Brendan\Dropbox\education\University\Courses\nubots\NUbugger\node_modules\zmq\package.json
15 verbose from cache C:\Users\Brendan\Dropbox\education\University\Courses\nubots\NUbugger\package.json
16 verbose readDependencies using package.json deps
17 verbose from cache C:\Users\Brendan\Dropbox\education\University\Courses\nubots\NUbugger\node_modules\express\package.json
18 verbose from cache C:\Users\Brendan\Dropbox\education\University\Courses\nubots\NUbugger\node_modules\jade\package.json
19 verbose from cache C:\Users\Brendan\Dropbox\education\University\Courses\nubots\NUbugger\node_modules\socket.io\package.json
20 verbose from cache C:\Users\Brendan\Dropbox\education\University\Courses\nubots\NUbugger\node_modules\zmq\package.json
21 verbose already installed skipping express@3.1.0 C:\Users\Brendan\Dropbox\education\University\Courses\nubots\NUbugger
22 verbose already installed skipping socket.io@0.9.13 C:\Users\Brendan\Dropbox\education\University\Courses\nubots\NUbugger
23 verbose already installed skipping jade@* C:\Users\Brendan\Dropbox\education\University\Courses\nubots\NUbugger
24 silly resolved []
25 info build C:\Users\Brendan\Dropbox\education\University\Courses\nubots\NUbugger
26 verbose from cache C:\Users\Brendan\Dropbox\education\University\Courses\nubots\NUbugger\package.json
27 verbose linkStuff [ false,
27 verbose linkStuff   false,
27 verbose linkStuff   false,
27 verbose linkStuff   'C:\\Users\\Brendan\\Dropbox\\education\\University\\Courses\\nubots' ]
28 info linkStuff NUbugger@0.0.1
29 verbose linkBins NUbugger@0.0.1
30 verbose linkMans NUbugger@0.0.1
31 verbose rebuildBundles NUbugger@0.0.1
32 verbose rebuildBundles [ '.bin', 'express', 'jade', 'socket.io', 'zmq' ]
33 verbose rebuild bundle C:\Users\Brendan\Dropbox\education\University\Courses\nubots\NUbugger\node_modules\zmq
34 info build C:\Users\Brendan\Dropbox\education\University\Courses\nubots\NUbugger\node_modules\zmq
35 verbose from cache C:\Users\Brendan\Dropbox\education\University\Courses\nubots\NUbugger\node_modules\zmq\package.json
36 info preinstall zmq@2.4.0
37 verbose linkStuff [ false,
37 verbose linkStuff   false,
37 verbose linkStuff   false,
37 verbose linkStuff   'C:\\Users\\Brendan\\Dropbox\\education\\University\\Courses\\nubots\\NUbugger\\node_modules' ]
38 info linkStuff zmq@2.4.0
39 verbose linkBins zmq@2.4.0
40 verbose linkMans zmq@2.4.0
41 verbose rebuildBundles zmq@2.4.0
42 info install zmq@2.4.0
43 verbose unsafe-perm in lifecycle true
44 silly exec cmd "/c" "node-gyp rebuild"
45 silly cmd,/c,node-gyp rebuild,C:\Users\Brendan\Dropbox\education\University\Courses\nubots\NUbugger\node_modules\zmq spawning
46 info zmq@2.4.0 Failed to exec install script
47 error zmq@2.4.0 install: `node-gyp rebuild`
47 error `cmd "/c" "node-gyp rebuild"` failed with 1
48 error Failed at the zmq@2.4.0 install script.
48 error This is most likely a problem with the zmq package,
48 error not with npm itself.
48 error Tell the author that this fails on your system:
48 error     node-gyp rebuild
48 error You can get their info via:
48 error     npm owner ls zmq
48 error There is likely additional logging output above.
49 error System Windows_NT 6.1.7601
50 error command "C:\\Program Files\\nodejs\\\\node.exe" "C:\\Program Files\\nodejs\\node_modules\\npm\\bin\\npm-cli.js" "install"
51 error cwd C:\Users\Brendan\Dropbox\education\University\Courses\nubots\NUbugger
52 error node -v v0.8.20
53 error npm -v 1.2.11
54 error code ELIFECYCLE
55 verbose exit [ 1, true ]
